<?xml version="1.0" encoding="UTF-8"?>
<testng-results skipped="0" failed="0" total="1" passed="1">
  <reporter-output>
  </reporter-output>
  <suite name="Default suite" duration-ms="69101" started-at="2021-12-03T12:50:52Z" finished-at="2021-12-03T12:52:02Z">
    <groups>
    </groups>
    <test name="Default test" duration-ms="69101" started-at="2021-12-03T12:50:52Z" finished-at="2021-12-03T12:52:02Z">
      <class name="QualiAssign.Project_automation.Sender_MailTest">
        <test-method status="PASS" signature="send_mail()[pri:0, instance:QualiAssign.Project_automation.Sender_MailTest@78b66d36]" name="send_mail" duration-ms="69066" started-at="2021-12-03T18:20:53Z" finished-at="2021-12-03T18:22:02Z">
          <reporter-output>
          </reporter-output>
        </test-method> <!-- send_mail -->
      </class> <!-- QualiAssign.Project_automation.Sender_MailTest -->
    </test> <!-- Default test -->
  </suite> <!-- Default suite -->
</testng-results>
